{"/Users/claudiu/Desktop/pe foc de lemne/frontend/src/App.jsx": {"path":"/Users/claudiu/Desktop/pe foc de lemne/frontend/src/App.jsx","statementMap":{"0":{"start":{"line":14,"column":2},"end":{"line":38,"column":4}}},"fnMap":{"0":{"name":"App","decl":{"start":{"line":13,"column":9},"end":{"line":13,"column":12}},"loc":{"start":{"line":13,"column":15},"end":{"line":39,"column":1}},"line":13}},"branchMap":{},"s":{"0":0},"f":{"0":0},"b":{}}
,"/Users/claudiu/Desktop/pe foc de lemne/frontend/src/index.js": {"path":"/Users/claudiu/Desktop/pe foc de lemne/frontend/src/index.js","statementMap":{"0":{"start":{"line":6,"column":13},"end":{"line":6,"column":65}},"1":{"start":{"line":9,"column":0},"end":{"line":13,"column":2}}},"fnMap":{},"branchMap":{},"s":{"0":0,"1":0},"f":{},"b":{}}
,"/Users/claudiu/Desktop/pe foc de lemne/frontend/src/components/ApiTest.jsx": {"path":"/Users/claudiu/Desktop/pe foc de lemne/frontend/src/components/ApiTest.jsx","statementMap":{"0":{"start":{"line":6,"column":42},"end":{"line":6,"column":56}},"1":{"start":{"line":7,"column":34},"end":{"line":7,"column":48}},"2":{"start":{"line":8,"column":32},"end":{"line":8,"column":47}},"3":{"start":{"line":10,"column":26},"end":{"line":19,"column":3}},"4":{"start":{"line":11,"column":4},"end":{"line":11,"column":21}},"5":{"start":{"line":12,"column":4},"end":{"line":17,"column":5}},"6":{"start":{"line":13,"column":21},"end":{"line":13,"column":51}},"7":{"start":{"line":14,"column":6},"end":{"line":14,"column":30}},"8":{"start":{"line":16,"column":6},"end":{"line":16,"column":64}},"9":{"start":{"line":18,"column":4},"end":{"line":18,"column":22}},"10":{"start":{"line":21,"column":31},"end":{"line":30,"column":3}},"11":{"start":{"line":22,"column":4},"end":{"line":22,"column":21}},"12":{"start":{"line":23,"column":4},"end":{"line":28,"column":5}},"13":{"start":{"line":24,"column":21},"end":{"line":24,"column":55}},"14":{"start":{"line":25,"column":6},"end":{"line":25,"column":26}},"15":{"start":{"line":27,"column":6},"end":{"line":27,"column":60}},"16":{"start":{"line":29,"column":4},"end":{"line":29,"column":22}},"17":{"start":{"line":32,"column":2},"end":{"line":70,"column":4}}},"fnMap":{"0":{"name":"ApiTest","decl":{"start":{"line":5,"column":9},"end":{"line":5,"column":16}},"loc":{"start":{"line":5,"column":19},"end":{"line":71,"column":1}},"line":5},"1":{"name":"(anonymous_1)","decl":{"start":{"line":10,"column":26},"end":{"line":10,"column":27}},"loc":{"start":{"line":10,"column":38},"end":{"line":19,"column":3}},"line":10},"2":{"name":"(anonymous_2)","decl":{"start":{"line":21,"column":31},"end":{"line":21,"column":32}},"loc":{"start":{"line":21,"column":43},"end":{"line":30,"column":3}},"line":21}},"branchMap":{"0":{"loc":{"start":{"line":43,"column":13},"end":{"line":43,"column":57}},"type":"cond-expr","locations":[{"start":{"line":43,"column":23},"end":{"line":43,"column":35}},{"start":{"line":43,"column":38},"end":{"line":43,"column":57}}],"line":43},"1":{"loc":{"start":{"line":51,"column":13},"end":{"line":51,"column":57}},"type":"cond-expr","locations":[{"start":{"line":51,"column":23},"end":{"line":51,"column":35}},{"start":{"line":51,"column":38},"end":{"line":51,"column":57}}],"line":51},"2":{"loc":{"start":{"line":55,"column":9},"end":{"line":60,"column":9}},"type":"binary-expr","locations":[{"start":{"line":55,"column":9},"end":{"line":55,"column":21}},{"start":{"line":56,"column":10},"end":{"line":59,"column":16}}],"line":55},"3":{"loc":{"start":{"line":56,"column":44},"end":{"line":56,"column":124}},"type":"cond-expr","locations":[{"start":{"line":56,"column":67},"end":{"line":56,"column":96}},{"start":{"line":56,"column":99},"end":{"line":56,"column":124}}],"line":56},"4":{"loc":{"start":{"line":62,"column":9},"end":{"line":67,"column":9}},"type":"binary-expr","locations":[{"start":{"line":62,"column":9},"end":{"line":62,"column":17}},{"start":{"line":63,"column":10},"end":{"line":66,"column":16}}],"line":62},"5":{"loc":{"start":{"line":63,"column":44},"end":{"line":63,"column":120}},"type":"cond-expr","locations":[{"start":{"line":63,"column":63},"end":{"line":63,"column":92}},{"start":{"line":63,"column":95},"end":{"line":63,"column":120}}],"line":63}},"s":{"0":0,"1":0,"2":0,"3":0,"4":0,"5":0,"6":0,"7":0,"8":0,"9":0,"10":0,"11":0,"12":0,"13":0,"14":0,"15":0,"16":0,"17":0},"f":{"0":0,"1":0,"2":0},"b":{"0":[0,0],"1":[0,0],"2":[0,0],"3":[0,0],"4":[0,0],"5":[0,0]}}
,"/Users/claudiu/Desktop/pe foc de lemne/frontend/src/components/common/Header.jsx": {"path":"/Users/claudiu/Desktop/pe foc de lemne/frontend/src/components/common/Header.jsx","statementMap":{"0":{"start":{"line":6,"column":19},"end":{"line":6,"column":32}},"1":{"start":{"line":7,"column":50},"end":{"line":7,"column":65}},"2":{"start":{"line":8,"column":28},"end":{"line":8,"column":44}},"3":{"start":{"line":11,"column":27},"end":{"line":13,"column":3}},"4":{"start":{"line":12,"column":4},"end":{"line":12,"column":43}},"5":{"start":{"line":16,"column":2},"end":{"line":18,"column":26}},"6":{"start":{"line":17,"column":4},"end":{"line":17,"column":31}},"7":{"start":{"line":21,"column":19},"end":{"line":23,"column":3}},"8":{"start":{"line":22,"column":4},"end":{"line":22,"column":38}},"9":{"start":{"line":25,"column":2},"end":{"line":151,"column":4}}},"fnMap":{"0":{"name":"Header","decl":{"start":{"line":5,"column":9},"end":{"line":5,"column":15}},"loc":{"start":{"line":5,"column":18},"end":{"line":152,"column":1}},"line":5},"1":{"name":"(anonymous_1)","decl":{"start":{"line":11,"column":27},"end":{"line":11,"column":28}},"loc":{"start":{"line":11,"column":33},"end":{"line":13,"column":3}},"line":11},"2":{"name":"(anonymous_2)","decl":{"start":{"line":16,"column":12},"end":{"line":16,"column":13}},"loc":{"start":{"line":16,"column":18},"end":{"line":18,"column":3}},"line":16},"3":{"name":"(anonymous_3)","decl":{"start":{"line":21,"column":19},"end":{"line":21,"column":20}},"loc":{"start":{"line":21,"column":29},"end":{"line":23,"column":3}},"line":21}},"branchMap":{"0":{"loc":{"start":{"line":42,"column":37},"end":{"line":42,"column":75}},"type":"cond-expr","locations":[{"start":{"line":42,"column":53},"end":{"line":42,"column":70}},{"start":{"line":42,"column":73},"end":{"line":42,"column":75}}],"line":42},"1":{"loc":{"start":{"line":43,"column":28},"end":{"line":43,"column":62}},"type":"cond-expr","locations":[{"start":{"line":43,"column":44},"end":{"line":43,"column":50}},{"start":{"line":43,"column":53},"end":{"line":43,"column":62}}],"line":43},"2":{"loc":{"start":{"line":49,"column":37},"end":{"line":49,"column":83}},"type":"cond-expr","locations":[{"start":{"line":49,"column":61},"end":{"line":49,"column":78}},{"start":{"line":49,"column":81},"end":{"line":49,"column":83}}],"line":49},"3":{"loc":{"start":{"line":50,"column":28},"end":{"line":50,"column":70}},"type":"cond-expr","locations":[{"start":{"line":50,"column":52},"end":{"line":50,"column":58}},{"start":{"line":50,"column":61},"end":{"line":50,"column":70}}],"line":50},"4":{"loc":{"start":{"line":56,"column":37},"end":{"line":56,"column":79}},"type":"cond-expr","locations":[{"start":{"line":56,"column":57},"end":{"line":56,"column":74}},{"start":{"line":56,"column":77},"end":{"line":56,"column":79}}],"line":56},"5":{"loc":{"start":{"line":57,"column":28},"end":{"line":57,"column":66}},"type":"cond-expr","locations":[{"start":{"line":57,"column":48},"end":{"line":57,"column":54}},{"start":{"line":57,"column":57},"end":{"line":57,"column":66}}],"line":57},"6":{"loc":{"start":{"line":73,"column":17},"end":{"line":77,"column":17}},"type":"binary-expr","locations":[{"start":{"line":73,"column":17},"end":{"line":73,"column":34}},{"start":{"line":74,"column":18},"end":{"line":76,"column":25}}],"line":73},"7":{"loc":{"start":{"line":75,"column":21},"end":{"line":75,"column":63}},"type":"cond-expr","locations":[{"start":{"line":75,"column":42},"end":{"line":75,"column":47}},{"start":{"line":75,"column":50},"end":{"line":75,"column":63}}],"line":75},"8":{"loc":{"start":{"line":92,"column":15},"end":{"line":100,"column":15}},"type":"cond-expr","locations":[{"start":{"line":93,"column":16},"end":{"line":95,"column":22}},{"start":{"line":97,"column":16},"end":{"line":99,"column":22}}],"line":92},"9":{"loc":{"start":{"line":109,"column":12},"end":{"line":111,"column":51}},"type":"cond-expr","locations":[{"start":{"line":110,"column":16},"end":{"line":110,"column":88}},{"start":{"line":111,"column":16},"end":{"line":111,"column":51}}],"line":109},"10":{"loc":{"start":{"line":117,"column":54},"end":{"line":117,"column":92}},"type":"cond-expr","locations":[{"start":{"line":117,"column":70},"end":{"line":117,"column":87}},{"start":{"line":117,"column":90},"end":{"line":117,"column":92}}],"line":117},"11":{"loc":{"start":{"line":118,"column":28},"end":{"line":118,"column":62}},"type":"cond-expr","locations":[{"start":{"line":118,"column":44},"end":{"line":118,"column":50}},{"start":{"line":118,"column":53},"end":{"line":118,"column":62}}],"line":118},"12":{"loc":{"start":{"line":124,"column":54},"end":{"line":124,"column":100}},"type":"cond-expr","locations":[{"start":{"line":124,"column":78},"end":{"line":124,"column":95}},{"start":{"line":124,"column":98},"end":{"line":124,"column":100}}],"line":124},"13":{"loc":{"start":{"line":125,"column":28},"end":{"line":125,"column":70}},"type":"cond-expr","locations":[{"start":{"line":125,"column":52},"end":{"line":125,"column":58}},{"start":{"line":125,"column":61},"end":{"line":125,"column":70}}],"line":125},"14":{"loc":{"start":{"line":131,"column":63},"end":{"line":131,"column":105}},"type":"cond-expr","locations":[{"start":{"line":131,"column":83},"end":{"line":131,"column":100}},{"start":{"line":131,"column":103},"end":{"line":131,"column":105}}],"line":131},"15":{"loc":{"start":{"line":132,"column":28},"end":{"line":132,"column":66}},"type":"cond-expr","locations":[{"start":{"line":132,"column":48},"end":{"line":132,"column":54}},{"start":{"line":132,"column":57},"end":{"line":132,"column":66}}],"line":132},"16":{"loc":{"start":{"line":138,"column":19},"end":{"line":142,"column":19}},"type":"binary-expr","locations":[{"start":{"line":138,"column":19},"end":{"line":138,"column":36}},{"start":{"line":139,"column":20},"end":{"line":141,"column":27}}],"line":138},"17":{"loc":{"start":{"line":140,"column":23},"end":{"line":140,"column":65}},"type":"cond-expr","locations":[{"start":{"line":140,"column":44},"end":{"line":140,"column":49}},{"start":{"line":140,"column":52},"end":{"line":140,"column":65}}],"line":140}},"s":{"0":54,"1":54,"2":54,"3":54,"4":5,"5":54,"6":25,"7":54,"8":648,"9":54},"f":{"0":54,"1":5,"2":25,"3":648},"b":{"0":[54,0],"1":[54,0],"2":[0,54],"3":[0,54],"4":[0,54],"5":[0,54],"6":[54,0],"7":[0,0],"8":[4,50],"9":[4,50],"10":[54,0],"11":[54,0],"12":[0,54],"13":[0,54],"14":[0,54],"15":[0,54],"16":[54,0],"17":[0,0]},"_coverageSchema":"1a1c01bbd47fc00a2c39e90264f33305004495a9","hash":"7d7f714f3da50d96edd479bb37f13828568705ec"}
,"/Users/claudiu/Desktop/pe foc de lemne/frontend/src/contexts/CartContext.js": {"path":"/Users/claudiu/Desktop/pe foc de lemne/frontend/src/contexts/CartContext.js","statementMap":{"0":{"start":{"line":4,"column":20},"end":{"line":4,"column":35}},"1":{"start":{"line":6,"column":30},"end":{"line":12,"column":1}},"2":{"start":{"line":7,"column":18},"end":{"line":7,"column":41}},"3":{"start":{"line":8,"column":2},"end":{"line":10,"column":3}},"4":{"start":{"line":9,"column":4},"end":{"line":9,"column":73}},"5":{"start":{"line":11,"column":2},"end":{"line":11,"column":17}},"6":{"start":{"line":14,"column":28},"end":{"line":22,"column":1}},"7":{"start":{"line":15,"column":19},"end":{"line":15,"column":28}},"8":{"start":{"line":17,"column":2},"end":{"line":21,"column":4}}},"fnMap":{"0":{"name":"(anonymous_0)","decl":{"start":{"line":6,"column":30},"end":{"line":6,"column":31}},"loc":{"start":{"line":6,"column":36},"end":{"line":12,"column":1}},"line":6},"1":{"name":"(anonymous_1)","decl":{"start":{"line":14,"column":28},"end":{"line":14,"column":29}},"loc":{"start":{"line":14,"column":46},"end":{"line":22,"column":1}},"line":14}},"branchMap":{"0":{"loc":{"start":{"line":8,"column":2},"end":{"line":10,"column":3}},"type":"if","locations":[{"start":{"line":8,"column":2},"end":{"line":10,"column":3}},{"start":{},"end":{}}],"line":8}},"s":{"0":1,"1":1,"2":54,"3":54,"4":0,"5":54,"6":1,"7":73,"8":73},"f":{"0":54,"1":73},"b":{"0":[0,54]},"_coverageSchema":"1a1c01bbd47fc00a2c39e90264f33305004495a9","hash":"293809889e7334b094cecb5ef1218730529ae6b0"}
,"/Users/claudiu/Desktop/pe foc de lemne/frontend/src/hooks/useApi.js": {"path":"/Users/claudiu/Desktop/pe foc de lemne/frontend/src/hooks/useApi.js","statementMap":{"0":{"start":{"line":3,"column":22},"end":{"line":44,"column":1}},"1":{"start":{"line":4,"column":26},"end":{"line":4,"column":40}},"2":{"start":{"line":5,"column":32},"end":{"line":5,"column":46}},"3":{"start":{"line":6,"column":28},"end":{"line":6,"column":42}},"4":{"start":{"line":8,"column":2},"end":{"line":41,"column":19}},"5":{"start":{"line":9,"column":20},"end":{"line":9,"column":24}},"6":{"start":{"line":11,"column":22},"end":{"line":34,"column":5}},"7":{"start":{"line":12,"column":6},"end":{"line":33,"column":7}},"8":{"start":{"line":13,"column":8},"end":{"line":13,"column":25}},"9":{"start":{"line":14,"column":8},"end":{"line":14,"column":23}},"10":{"start":{"line":16,"column":23},"end":{"line":16,"column":38}},"11":{"start":{"line":18,"column":8},"end":{"line":24,"column":9}},"12":{"start":{"line":19,"column":10},"end":{"line":23,"column":11}},"13":{"start":{"line":20,"column":12},"end":{"line":20,"column":33}},"14":{"start":{"line":22,"column":12},"end":{"line":22,"column":59}},"15":{"start":{"line":26,"column":8},"end":{"line":28,"column":9}},"16":{"start":{"line":27,"column":10},"end":{"line":27,"column":55}},"17":{"start":{"line":30,"column":8},"end":{"line":32,"column":9}},"18":{"start":{"line":31,"column":10},"end":{"line":31,"column":28}},"19":{"start":{"line":36,"column":4},"end":{"line":36,"column":16}},"20":{"start":{"line":38,"column":4},"end":{"line":40,"column":6}},"21":{"start":{"line":39,"column":6},"end":{"line":39,"column":24}},"22":{"start":{"line":43,"column":2},"end":{"line":43,"column":34}},"23":{"start":{"line":46,"column":26},"end":{"line":72,"column":1}},"24":{"start":{"line":47,"column":32},"end":{"line":47,"column":47}},"25":{"start":{"line":48,"column":28},"end":{"line":48,"column":42}},"26":{"start":{"line":50,"column":18},"end":{"line":69,"column":3}},"27":{"start":{"line":51,"column":4},"end":{"line":68,"column":5}},"28":{"start":{"line":52,"column":6},"end":{"line":52,"column":23}},"29":{"start":{"line":53,"column":6},"end":{"line":53,"column":21}},"30":{"start":{"line":55,"column":21},"end":{"line":55,"column":36}},"31":{"start":{"line":57,"column":6},"end":{"line":62,"column":7}},"32":{"start":{"line":58,"column":8},"end":{"line":58,"column":27}},"33":{"start":{"line":60,"column":8},"end":{"line":60,"column":55}},"34":{"start":{"line":61,"column":8},"end":{"line":61,"column":62}},"35":{"start":{"line":64,"column":6},"end":{"line":64,"column":51}},"36":{"start":{"line":65,"column":6},"end":{"line":65,"column":16}},"37":{"start":{"line":67,"column":6},"end":{"line":67,"column":24}},"38":{"start":{"line":71,"column":2},"end":{"line":71,"column":37}}},"fnMap":{"0":{"name":"(anonymous_0)","decl":{"start":{"line":3,"column":22},"end":{"line":3,"column":23}},"loc":{"start":{"line":3,"column":54},"end":{"line":44,"column":1}},"line":3},"1":{"name":"(anonymous_1)","decl":{"start":{"line":8,"column":12},"end":{"line":8,"column":13}},"loc":{"start":{"line":8,"column":18},"end":{"line":41,"column":3}},"line":8},"2":{"name":"(anonymous_2)","decl":{"start":{"line":11,"column":22},"end":{"line":11,"column":23}},"loc":{"start":{"line":11,"column":34},"end":{"line":34,"column":5}},"line":11},"3":{"name":"(anonymous_3)","decl":{"start":{"line":38,"column":11},"end":{"line":38,"column":12}},"loc":{"start":{"line":38,"column":17},"end":{"line":40,"column":5}},"line":38},"4":{"name":"(anonymous_4)","decl":{"start":{"line":46,"column":26},"end":{"line":46,"column":27}},"loc":{"start":{"line":46,"column":32},"end":{"line":72,"column":1}},"line":46},"5":{"name":"(anonymous_5)","decl":{"start":{"line":50,"column":18},"end":{"line":50,"column":19}},"loc":{"start":{"line":50,"column":37},"end":{"line":69,"column":3}},"line":50}},"branchMap":{"0":{"loc":{"start":{"line":3,"column":32},"end":{"line":3,"column":49}},"type":"default-arg","locations":[{"start":{"line":3,"column":47},"end":{"line":3,"column":49}}],"line":3},"1":{"loc":{"start":{"line":18,"column":8},"end":{"line":24,"column":9}},"type":"if","locations":[{"start":{"line":18,"column":8},"end":{"line":24,"column":9}},{"start":{},"end":{}}],"line":18},"2":{"loc":{"start":{"line":19,"column":10},"end":{"line":23,"column":11}},"type":"if","locations":[{"start":{"line":19,"column":10},"end":{"line":23,"column":11}},{"start":{"line":21,"column":17},"end":{"line":23,"column":11}}],"line":19},"3":{"loc":{"start":{"line":22,"column":21},"end":{"line":22,"column":57}},"type":"binary-expr","locations":[{"start":{"line":22,"column":21},"end":{"line":22,"column":33}},{"start":{"line":22,"column":37},"end":{"line":22,"column":57}}],"line":22},"4":{"loc":{"start":{"line":26,"column":8},"end":{"line":28,"column":9}},"type":"if","locations":[{"start":{"line":26,"column":8},"end":{"line":28,"column":9}},{"start":{},"end":{}}],"line":26},"5":{"loc":{"start":{"line":27,"column":19},"end":{"line":27,"column":53}},"type":"binary-expr","locations":[{"start":{"line":27,"column":19},"end":{"line":27,"column":30}},{"start":{"line":27,"column":34},"end":{"line":27,"column":53}}],"line":27},"6":{"loc":{"start":{"line":30,"column":8},"end":{"line":32,"column":9}},"type":"if","locations":[{"start":{"line":30,"column":8},"end":{"line":32,"column":9}},{"start":{},"end":{}}],"line":30},"7":{"loc":{"start":{"line":57,"column":6},"end":{"line":62,"column":7}},"type":"if","locations":[{"start":{"line":57,"column":6},"end":{"line":62,"column":7}},{"start":{"line":59,"column":13},"end":{"line":62,"column":7}}],"line":57},"8":{"loc":{"start":{"line":60,"column":17},"end":{"line":60,"column":53}},"type":"binary-expr","locations":[{"start":{"line":60,"column":17},"end":{"line":60,"column":29}},{"start":{"line":60,"column":33},"end":{"line":60,"column":53}}],"line":60},"9":{"loc":{"start":{"line":61,"column":24},"end":{"line":61,"column":60}},"type":"binary-expr","locations":[{"start":{"line":61,"column":24},"end":{"line":61,"column":36}},{"start":{"line":61,"column":40},"end":{"line":61,"column":60}}],"line":61},"10":{"loc":{"start":{"line":64,"column":15},"end":{"line":64,"column":49}},"type":"binary-expr","locations":[{"start":{"line":64,"column":15},"end":{"line":64,"column":26}},{"start":{"line":64,"column":30},"end":{"line":64,"column":49}}],"line":64}},"s":{"0":0,"1":0,"2":0,"3":0,"4":0,"5":0,"6":0,"7":0,"8":0,"9":0,"10":0,"11":0,"12":0,"13":0,"14":0,"15":0,"16":0,"17":0,"18":0,"19":0,"20":0,"21":0,"22":0,"23":0,"24":0,"25":0,"26":0,"27":0,"28":0,"29":0,"30":0,"31":0,"32":0,"33":0,"34":0,"35":0,"36":0,"37":0,"38":0},"f":{"0":0,"1":0,"2":0,"3":0,"4":0,"5":0},"b":{"0":[0],"1":[0,0],"2":[0,0],"3":[0,0],"4":[0,0],"5":[0,0],"6":[0,0],"7":[0,0],"8":[0,0],"9":[0,0],"10":[0,0]}}
,"/Users/claudiu/Desktop/pe foc de lemne/frontend/src/hooks/useCart.js": {"path":"/Users/claudiu/Desktop/pe foc de lemne/frontend/src/hooks/useCart.js","statementMap":{"0":{"start":{"line":3,"column":23},"end":{"line":82,"column":1}},"1":{"start":{"line":4,"column":36},"end":{"line":4,"column":48}},"2":{"start":{"line":5,"column":44},"end":{"line":5,"column":55}},"3":{"start":{"line":6,"column":36},"end":{"line":6,"column":47}},"4":{"start":{"line":9,"column":2},"end":{"line":20,"column":9}},"5":{"start":{"line":10,"column":22},"end":{"line":10,"column":50}},"6":{"start":{"line":11,"column":4},"end":{"line":19,"column":5}},"7":{"start":{"line":12,"column":6},"end":{"line":18,"column":7}},"8":{"start":{"line":13,"column":22},"end":{"line":13,"column":43}},"9":{"start":{"line":14,"column":8},"end":{"line":14,"column":28}},"10":{"start":{"line":16,"column":8},"end":{"line":16,"column":52}},"11":{"start":{"line":17,"column":8},"end":{"line":17,"column":25}},"12":{"start":{"line":23,"column":2},"end":{"line":32,"column":18}},"13":{"start":{"line":24,"column":22},"end":{"line":24,"column":77}},"14":{"start":{"line":24,"column":54},"end":{"line":24,"column":73}},"15":{"start":{"line":25,"column":18},"end":{"line":25,"column":88}},"16":{"start":{"line":25,"column":50},"end":{"line":25,"column":84}},"17":{"start":{"line":27,"column":4},"end":{"line":27,"column":32}},"18":{"start":{"line":28,"column":4},"end":{"line":28,"column":24}},"19":{"start":{"line":31,"column":4},"end":{"line":31,"column":60}},"20":{"start":{"line":34,"column":20},"end":{"line":48,"column":3}},"21":{"start":{"line":35,"column":4},"end":{"line":47,"column":7}},"22":{"start":{"line":36,"column":27},"end":{"line":36,"column":73}},"23":{"start":{"line":36,"column":50},"end":{"line":36,"column":72}},"24":{"start":{"line":38,"column":6},"end":{"line":46,"column":7}},"25":{"start":{"line":39,"column":8},"end":{"line":43,"column":10}},"26":{"start":{"line":40,"column":10},"end":{"line":42,"column":18}},"27":{"start":{"line":45,"column":8},"end":{"line":45,"column":56}},"28":{"start":{"line":50,"column":25},"end":{"line":52,"column":3}},"29":{"start":{"line":51,"column":4},"end":{"line":51,"column":79}},"30":{"start":{"line":51,"column":30},"end":{"line":51,"column":77}},"31":{"start":{"line":51,"column":55},"end":{"line":51,"column":76}},"32":{"start":{"line":54,"column":25},"end":{"line":67,"column":3}},"33":{"start":{"line":55,"column":4},"end":{"line":58,"column":5}},"34":{"start":{"line":56,"column":6},"end":{"line":56,"column":32}},"35":{"start":{"line":57,"column":6},"end":{"line":57,"column":13}},"36":{"start":{"line":60,"column":4},"end":{"line":66,"column":6}},"37":{"start":{"line":61,"column":6},"end":{"line":65,"column":7}},"38":{"start":{"line":62,"column":8},"end":{"line":64,"column":16}},"39":{"start":{"line":69,"column":20},"end":{"line":71,"column":3}},"40":{"start":{"line":70,"column":4},"end":{"line":70,"column":21}},"41":{"start":{"line":73,"column":2},"end":{"line":81,"column":4}}},"fnMap":{"0":{"name":"(anonymous_0)","decl":{"start":{"line":3,"column":23},"end":{"line":3,"column":24}},"loc":{"start":{"line":3,"column":29},"end":{"line":82,"column":1}},"line":3},"1":{"name":"(anonymous_1)","decl":{"start":{"line":9,"column":12},"end":{"line":9,"column":13}},"loc":{"start":{"line":9,"column":18},"end":{"line":20,"column":3}},"line":9},"2":{"name":"(anonymous_2)","decl":{"start":{"line":23,"column":12},"end":{"line":23,"column":13}},"loc":{"start":{"line":23,"column":18},"end":{"line":32,"column":3}},"line":23},"3":{"name":"(anonymous_3)","decl":{"start":{"line":24,"column":39},"end":{"line":24,"column":40}},"loc":{"start":{"line":24,"column":54},"end":{"line":24,"column":73}},"line":24},"4":{"name":"(anonymous_4)","decl":{"start":{"line":25,"column":35},"end":{"line":25,"column":36}},"loc":{"start":{"line":25,"column":50},"end":{"line":25,"column":84}},"line":25},"5":{"name":"(anonymous_5)","decl":{"start":{"line":34,"column":20},"end":{"line":34,"column":21}},"loc":{"start":{"line":34,"column":47},"end":{"line":48,"column":3}},"line":34},"6":{"name":"(anonymous_6)","decl":{"start":{"line":35,"column":17},"end":{"line":35,"column":18}},"loc":{"start":{"line":35,"column":30},"end":{"line":47,"column":5}},"line":35},"7":{"name":"(anonymous_7)","decl":{"start":{"line":36,"column":42},"end":{"line":36,"column":43}},"loc":{"start":{"line":36,"column":50},"end":{"line":36,"column":72}},"line":36},"8":{"name":"(anonymous_8)","decl":{"start":{"line":39,"column":29},"end":{"line":39,"column":30}},"loc":{"start":{"line":40,"column":10},"end":{"line":42,"column":18}},"line":40},"9":{"name":"(anonymous_9)","decl":{"start":{"line":50,"column":25},"end":{"line":50,"column":26}},"loc":{"start":{"line":50,"column":40},"end":{"line":52,"column":3}},"line":50},"10":{"name":"(anonymous_10)","decl":{"start":{"line":51,"column":17},"end":{"line":51,"column":18}},"loc":{"start":{"line":51,"column":30},"end":{"line":51,"column":77}},"line":51},"11":{"name":"(anonymous_11)","decl":{"start":{"line":51,"column":47},"end":{"line":51,"column":48}},"loc":{"start":{"line":51,"column":55},"end":{"line":51,"column":76}},"line":51},"12":{"name":"(anonymous_12)","decl":{"start":{"line":54,"column":25},"end":{"line":54,"column":26}},"loc":{"start":{"line":54,"column":50},"end":{"line":67,"column":3}},"line":54},"13":{"name":"(anonymous_13)","decl":{"start":{"line":60,"column":17},"end":{"line":60,"column":18}},"loc":{"start":{"line":61,"column":6},"end":{"line":65,"column":7}},"line":61},"14":{"name":"(anonymous_14)","decl":{"start":{"line":61,"column":20},"end":{"line":61,"column":21}},"loc":{"start":{"line":62,"column":8},"end":{"line":64,"column":16}},"line":62},"15":{"name":"(anonymous_15)","decl":{"start":{"line":69,"column":20},"end":{"line":69,"column":21}},"loc":{"start":{"line":69,"column":26},"end":{"line":71,"column":3}},"line":69}},"branchMap":{"0":{"loc":{"start":{"line":11,"column":4},"end":{"line":19,"column":5}},"type":"if","locations":[{"start":{"line":11,"column":4},"end":{"line":19,"column":5}},{"start":{},"end":{}}],"line":11},"1":{"loc":{"start":{"line":34,"column":30},"end":{"line":34,"column":42}},"type":"default-arg","locations":[{"start":{"line":34,"column":41},"end":{"line":34,"column":42}}],"line":34},"2":{"loc":{"start":{"line":38,"column":6},"end":{"line":46,"column":7}},"type":"if","locations":[{"start":{"line":38,"column":6},"end":{"line":46,"column":7}},{"start":{"line":44,"column":13},"end":{"line":46,"column":7}}],"line":38},"3":{"loc":{"start":{"line":40,"column":10},"end":{"line":42,"column":18}},"type":"cond-expr","locations":[{"start":{"line":41,"column":14},"end":{"line":41,"column":61}},{"start":{"line":42,"column":14},"end":{"line":42,"column":18}}],"line":40},"4":{"loc":{"start":{"line":55,"column":4},"end":{"line":58,"column":5}},"type":"if","locations":[{"start":{"line":55,"column":4},"end":{"line":58,"column":5}},{"start":{},"end":{}}],"line":55},"5":{"loc":{"start":{"line":62,"column":8},"end":{"line":64,"column":16}},"type":"cond-expr","locations":[{"start":{"line":63,"column":12},"end":{"line":63,"column":33}},{"start":{"line":64,"column":12},"end":{"line":64,"column":16}}],"line":62}},"s":{"0":1,"1":73,"2":73,"3":73,"4":73,"5":25,"6":25,"7":24,"8":24,"9":24,"10":0,"11":0,"12":73,"13":49,"14":0,"15":49,"16":0,"17":49,"18":49,"19":49,"20":73,"21":0,"22":0,"23":0,"24":0,"25":0,"26":0,"27":0,"28":73,"29":0,"30":0,"31":0,"32":73,"33":0,"34":0,"35":0,"36":0,"37":0,"38":0,"39":73,"40":0,"41":73},"f":{"0":73,"1":25,"2":49,"3":0,"4":0,"5":0,"6":0,"7":0,"8":0,"9":0,"10":0,"11":0,"12":0,"13":0,"14":0,"15":0},"b":{"0":[24,1],"1":[0],"2":[0,0],"3":[0,0],"4":[0,0],"5":[0,0]},"_coverageSchema":"1a1c01bbd47fc00a2c39e90264f33305004495a9","hash":"f7529f9cb4a39afaaf0873ecddcea31632ba2127"}
,"/Users/claudiu/Desktop/pe foc de lemne/frontend/src/pages/Cart.jsx": {"path":"/Users/claudiu/Desktop/pe foc de lemne/frontend/src/pages/Cart.jsx","statementMap":{"0":{"start":{"line":5,"column":2},"end":{"line":56,"column":4}}},"fnMap":{"0":{"name":"Cart","decl":{"start":{"line":4,"column":9},"end":{"line":4,"column":13}},"loc":{"start":{"line":4,"column":16},"end":{"line":57,"column":1}},"line":4}},"branchMap":{},"s":{"0":0},"f":{"0":0},"b":{}}
,"/Users/claudiu/Desktop/pe foc de lemne/frontend/src/pages/Checkout.jsx": {"path":"/Users/claudiu/Desktop/pe foc de lemne/frontend/src/pages/Checkout.jsx","statementMap":{"0":{"start":{"line":4,"column":2},"end":{"line":45,"column":4}}},"fnMap":{"0":{"name":"Checkout","decl":{"start":{"line":3,"column":9},"end":{"line":3,"column":17}},"loc":{"start":{"line":3,"column":20},"end":{"line":46,"column":1}},"line":3}},"branchMap":{},"s":{"0":0},"f":{"0":0},"b":{}}
,"/Users/claudiu/Desktop/pe foc de lemne/frontend/src/pages/Home.jsx": {"path":"/Users/claudiu/Desktop/pe foc de lemne/frontend/src/pages/Home.jsx","statementMap":{"0":{"start":{"line":7,"column":39},"end":{"line":7,"column":55}},"1":{"start":{"line":9,"column":28},"end":{"line":16,"column":3}},"2":{"start":{"line":10,"column":24},"end":{"line":14,"column":5}},"3":{"start":{"line":15,"column":4},"end":{"line":15,"column":30}},"4":{"start":{"line":18,"column":2},"end":{"line":83,"column":4}}},"fnMap":{"0":{"name":"Home","decl":{"start":{"line":6,"column":9},"end":{"line":6,"column":13}},"loc":{"start":{"line":6,"column":16},"end":{"line":84,"column":1}},"line":6},"1":{"name":"(anonymous_1)","decl":{"start":{"line":9,"column":28},"end":{"line":9,"column":29}},"loc":{"start":{"line":9,"column":34},"end":{"line":16,"column":3}},"line":9}},"branchMap":{},"s":{"0":0,"1":0,"2":0,"3":0,"4":0},"f":{"0":0,"1":0},"b":{}}
,"/Users/claudiu/Desktop/pe foc de lemne/frontend/src/pages/NotFound.jsx": {"path":"/Users/claudiu/Desktop/pe foc de lemne/frontend/src/pages/NotFound.jsx","statementMap":{"0":{"start":{"line":5,"column":2},"end":{"line":25,"column":4}}},"fnMap":{"0":{"name":"NotFound","decl":{"start":{"line":4,"column":9},"end":{"line":4,"column":17}},"loc":{"start":{"line":4,"column":20},"end":{"line":26,"column":1}},"line":4}},"branchMap":{},"s":{"0":0},"f":{"0":0},"b":{}}
,"/Users/claudiu/Desktop/pe foc de lemne/frontend/src/pages/OrderConfirmation.jsx": {"path":"/Users/claudiu/Desktop/pe foc de lemne/frontend/src/pages/OrderConfirmation.jsx","statementMap":{"0":{"start":{"line":5,"column":26},"end":{"line":5,"column":37}},"1":{"start":{"line":7,"column":2},"end":{"line":38,"column":4}}},"fnMap":{"0":{"name":"OrderConfirmation","decl":{"start":{"line":4,"column":9},"end":{"line":4,"column":26}},"loc":{"start":{"line":4,"column":29},"end":{"line":39,"column":1}},"line":4}},"branchMap":{"0":{"loc":{"start":{"line":15,"column":79},"end":{"line":15,"column":102}},"type":"binary-expr","locations":[{"start":{"line":15,"column":79},"end":{"line":15,"column":90}},{"start":{"line":15,"column":94},"end":{"line":15,"column":102}}],"line":15}},"s":{"0":0,"1":0},"f":{"0":0},"b":{"0":[0,0]}}
,"/Users/claudiu/Desktop/pe foc de lemne/frontend/src/pages/Products.jsx": {"path":"/Users/claudiu/Desktop/pe foc de lemne/frontend/src/pages/Products.jsx","statementMap":{"0":{"start":{"line":4,"column":2},"end":{"line":83,"column":4}}},"fnMap":{"0":{"name":"Products","decl":{"start":{"line":3,"column":9},"end":{"line":3,"column":17}},"loc":{"start":{"line":3,"column":20},"end":{"line":84,"column":1}},"line":3}},"branchMap":{},"s":{"0":0},"f":{"0":0},"b":{}}
,"/Users/claudiu/Desktop/pe foc de lemne/frontend/src/services/api.js": {"path":"/Users/claudiu/Desktop/pe foc de lemne/frontend/src/services/api.js","statementMap":{"0":{"start":{"line":4,"column":21},"end":{"line":4,"column":86}},"1":{"start":{"line":5,"column":20},"end":{"line":5,"column":25}},"2":{"start":{"line":8,"column":12},"end":{"line":15,"column":2}},"3":{"start":{"line":18,"column":0},"end":{"line":45,"column":2}},"4":{"start":{"line":21,"column":4},"end":{"line":24,"column":6}},"5":{"start":{"line":32,"column":4},"end":{"line":37,"column":7}},"6":{"start":{"line":39,"column":4},"end":{"line":39,"column":18}},"7":{"start":{"line":42,"column":4},"end":{"line":42,"column":47}},"8":{"start":{"line":43,"column":4},"end":{"line":43,"column":33}},"9":{"start":{"line":48,"column":0},"end":{"line":89,"column":2}},"10":{"start":{"line":50,"column":4},"end":{"line":54,"column":7}},"11":{"start":{"line":56,"column":4},"end":{"line":56,"column":20}},"12":{"start":{"line":59,"column":4},"end":{"line":64,"column":7}},"13":{"start":{"line":67,"column":4},"end":{"line":85,"column":5}},"14":{"start":{"line":69,"column":6},"end":{"line":69,"column":47}},"15":{"start":{"line":70,"column":11},"end":{"line":85,"column":5}},"16":{"start":{"line":72,"column":6},"end":{"line":72,"column":44}},"17":{"start":{"line":73,"column":11},"end":{"line":85,"column":5}},"18":{"start":{"line":75,"column":6},"end":{"line":75,"column":45}},"19":{"start":{"line":76,"column":11},"end":{"line":85,"column":5}},"20":{"start":{"line":78,"column":6},"end":{"line":78,"column":45}},"21":{"start":{"line":79,"column":11},"end":{"line":85,"column":5}},"22":{"start":{"line":81,"column":6},"end":{"line":81,"column":43}},"23":{"start":{"line":82,"column":11},"end":{"line":85,"column":5}},"24":{"start":{"line":84,"column":6},"end":{"line":84,"column":59}},"25":{"start":{"line":87,"column":4},"end":{"line":87,"column":33}}},"fnMap":{"0":{"name":"(anonymous_0)","decl":{"start":{"line":19,"column":2},"end":{"line":19,"column":3}},"loc":{"start":{"line":19,"column":14},"end":{"line":40,"column":3}},"line":19},"1":{"name":"(anonymous_1)","decl":{"start":{"line":41,"column":2},"end":{"line":41,"column":3}},"loc":{"start":{"line":41,"column":13},"end":{"line":44,"column":3}},"line":41},"2":{"name":"(anonymous_2)","decl":{"start":{"line":49,"column":2},"end":{"line":49,"column":3}},"loc":{"start":{"line":49,"column":16},"end":{"line":57,"column":3}},"line":49},"3":{"name":"(anonymous_3)","decl":{"start":{"line":58,"column":2},"end":{"line":58,"column":3}},"loc":{"start":{"line":58,"column":13},"end":{"line":88,"column":3}},"line":58}},"branchMap":{"0":{"loc":{"start":{"line":4,"column":21},"end":{"line":4,"column":86}},"type":"binary-expr","locations":[{"start":{"line":4,"column":21},"end":{"line":4,"column":55}},{"start":{"line":4,"column":59},"end":{"line":4,"column":86}}],"line":4},"1":{"loc":{"start":{"line":67,"column":4},"end":{"line":85,"column":5}},"type":"if","locations":[{"start":{"line":67,"column":4},"end":{"line":85,"column":5}},{"start":{"line":70,"column":11},"end":{"line":85,"column":5}}],"line":67},"2":{"loc":{"start":{"line":70,"column":11},"end":{"line":85,"column":5}},"type":"if","locations":[{"start":{"line":70,"column":11},"end":{"line":85,"column":5}},{"start":{"line":73,"column":11},"end":{"line":85,"column":5}}],"line":70},"3":{"loc":{"start":{"line":73,"column":11},"end":{"line":85,"column":5}},"type":"if","locations":[{"start":{"line":73,"column":11},"end":{"line":85,"column":5}},{"start":{"line":76,"column":11},"end":{"line":85,"column":5}}],"line":73},"4":{"loc":{"start":{"line":76,"column":11},"end":{"line":85,"column":5}},"type":"if","locations":[{"start":{"line":76,"column":11},"end":{"line":85,"column":5}},{"start":{"line":79,"column":11},"end":{"line":85,"column":5}}],"line":76},"5":{"loc":{"start":{"line":79,"column":11},"end":{"line":85,"column":5}},"type":"if","locations":[{"start":{"line":79,"column":11},"end":{"line":85,"column":5}},{"start":{"line":82,"column":11},"end":{"line":85,"column":5}}],"line":79},"6":{"loc":{"start":{"line":82,"column":11},"end":{"line":85,"column":5}},"type":"if","locations":[{"start":{"line":82,"column":11},"end":{"line":85,"column":5}},{"start":{},"end":{}}],"line":82}},"s":{"0":0,"1":0,"2":0,"3":0,"4":0,"5":0,"6":0,"7":0,"8":0,"9":0,"10":0,"11":0,"12":0,"13":0,"14":0,"15":0,"16":0,"17":0,"18":0,"19":0,"20":0,"21":0,"22":0,"23":0,"24":0,"25":0},"f":{"0":0,"1":0,"2":0,"3":0},"b":{"0":[0,0],"1":[0,0],"2":[0,0],"3":[0,0],"4":[0,0],"5":[0,0],"6":[0,0]}}
,"/Users/claudiu/Desktop/pe foc de lemne/frontend/src/services/apiService.js": {"path":"/Users/claudiu/Desktop/pe foc de lemne/frontend/src/services/apiService.js","statementMap":{"0":{"start":{"line":6,"column":4},"end":{"line":19,"column":5}},"1":{"start":{"line":7,"column":23},"end":{"line":7,"column":47}},"2":{"start":{"line":8,"column":6},"end":{"line":12,"column":8}},"3":{"start":{"line":14,"column":6},"end":{"line":18,"column":8}},"4":{"start":{"line":24,"column":4},"end":{"line":37,"column":5}},"5":{"start":{"line":25,"column":23},"end":{"line":25,"column":58}},"6":{"start":{"line":26,"column":6},"end":{"line":30,"column":8}},"7":{"start":{"line":32,"column":6},"end":{"line":36,"column":8}},"8":{"start":{"line":42,"column":4},"end":{"line":55,"column":5}},"9":{"start":{"line":43,"column":23},"end":{"line":43,"column":53}},"10":{"start":{"line":44,"column":6},"end":{"line":48,"column":8}},"11":{"start":{"line":50,"column":6},"end":{"line":54,"column":8}},"12":{"start":{"line":60,"column":4},"end":{"line":73,"column":5}},"13":{"start":{"line":61,"column":23},"end":{"line":61,"column":52}},"14":{"start":{"line":62,"column":6},"end":{"line":66,"column":8}},"15":{"start":{"line":68,"column":6},"end":{"line":72,"column":8}},"16":{"start":{"line":78,"column":4},"end":{"line":91,"column":5}},"17":{"start":{"line":79,"column":23},"end":{"line":79,"column":49}},"18":{"start":{"line":80,"column":6},"end":{"line":84,"column":8}},"19":{"start":{"line":86,"column":6},"end":{"line":90,"column":8}},"20":{"start":{"line":95,"column":27},"end":{"line":95,"column":43}}},"fnMap":{"0":{"name":"(anonymous_0)","decl":{"start":{"line":5,"column":2},"end":{"line":5,"column":3}},"loc":{"start":{"line":5,"column":22},"end":{"line":20,"column":3}},"line":5},"1":{"name":"(anonymous_1)","decl":{"start":{"line":23,"column":2},"end":{"line":23,"column":3}},"loc":{"start":{"line":23,"column":35},"end":{"line":38,"column":3}},"line":23},"2":{"name":"(anonymous_2)","decl":{"start":{"line":41,"column":2},"end":{"line":41,"column":3}},"loc":{"start":{"line":41,"column":34},"end":{"line":56,"column":3}},"line":41},"3":{"name":"(anonymous_3)","decl":{"start":{"line":59,"column":2},"end":{"line":59,"column":3}},"loc":{"start":{"line":59,"column":33},"end":{"line":74,"column":3}},"line":59},"4":{"name":"(anonymous_4)","decl":{"start":{"line":77,"column":2},"end":{"line":77,"column":3}},"loc":{"start":{"line":77,"column":25},"end":{"line":92,"column":3}},"line":77}},"branchMap":{"0":{"loc":{"start":{"line":23,"column":22},"end":{"line":23,"column":33}},"type":"default-arg","locations":[{"start":{"line":23,"column":31},"end":{"line":23,"column":33}}],"line":23},"1":{"loc":{"start":{"line":34,"column":15},"end":{"line":34,"column":61}},"type":"binary-expr","locations":[{"start":{"line":34,"column":15},"end":{"line":34,"column":44}},{"start":{"line":34,"column":48},"end":{"line":34,"column":61}}],"line":34},"2":{"loc":{"start":{"line":41,"column":23},"end":{"line":41,"column":32}},"type":"default-arg","locations":[{"start":{"line":41,"column":30},"end":{"line":41,"column":32}}],"line":41},"3":{"loc":{"start":{"line":52,"column":15},"end":{"line":52,"column":61}},"type":"binary-expr","locations":[{"start":{"line":52,"column":15},"end":{"line":52,"column":44}},{"start":{"line":52,"column":48},"end":{"line":52,"column":61}}],"line":52},"4":{"loc":{"start":{"line":59,"column":22},"end":{"line":59,"column":31}},"type":"default-arg","locations":[{"start":{"line":59,"column":29},"end":{"line":59,"column":31}}],"line":59},"5":{"loc":{"start":{"line":70,"column":15},"end":{"line":70,"column":61}},"type":"binary-expr","locations":[{"start":{"line":70,"column":15},"end":{"line":70,"column":44}},{"start":{"line":70,"column":48},"end":{"line":70,"column":61}}],"line":70},"6":{"loc":{"start":{"line":88,"column":15},"end":{"line":88,"column":61}},"type":"binary-expr","locations":[{"start":{"line":88,"column":15},"end":{"line":88,"column":44}},{"start":{"line":88,"column":48},"end":{"line":88,"column":61}}],"line":88}},"s":{"0":0,"1":0,"2":0,"3":0,"4":0,"5":0,"6":0,"7":0,"8":0,"9":0,"10":0,"11":0,"12":0,"13":0,"14":0,"15":0,"16":0,"17":0,"18":0,"19":0,"20":0},"f":{"0":0,"1":0,"2":0,"3":0,"4":0},"b":{"0":[0],"1":[0,0],"2":[0],"3":[0,0],"4":[0],"5":[0,0],"6":[0,0]}}
,"/Users/claudiu/Desktop/pe foc de lemne/frontend/src/services/orderService.js": {"path":"/Users/claudiu/Desktop/pe foc de lemne/frontend/src/services/orderService.js","statementMap":{"0":{"start":{"line":6,"column":4},"end":{"line":6,"column":55}},"1":{"start":{"line":11,"column":4},"end":{"line":11,"column":54}},"2":{"start":{"line":16,"column":4},"end":{"line":16,"column":61}},"3":{"start":{"line":21,"column":4},"end":{"line":21,"column":63}},"4":{"start":{"line":25,"column":29},"end":{"line":25,"column":47}}},"fnMap":{"0":{"name":"(anonymous_0)","decl":{"start":{"line":5,"column":2},"end":{"line":5,"column":3}},"loc":{"start":{"line":5,"column":31},"end":{"line":7,"column":3}},"line":5},"1":{"name":"(anonymous_1)","decl":{"start":{"line":10,"column":2},"end":{"line":10,"column":3}},"loc":{"start":{"line":10,"column":26},"end":{"line":12,"column":3}},"line":10},"2":{"name":"(anonymous_2)","decl":{"start":{"line":15,"column":2},"end":{"line":15,"column":3}},"loc":{"start":{"line":15,"column":32},"end":{"line":17,"column":3}},"line":15},"3":{"name":"(anonymous_3)","decl":{"start":{"line":20,"column":2},"end":{"line":20,"column":3}},"loc":{"start":{"line":20,"column":38},"end":{"line":22,"column":3}},"line":20}},"branchMap":{},"s":{"0":0,"1":0,"2":0,"3":0,"4":0},"f":{"0":0,"1":0,"2":0,"3":0},"b":{}}
,"/Users/claudiu/Desktop/pe foc de lemne/frontend/src/services/productService.js": {"path":"/Users/claudiu/Desktop/pe foc de lemne/frontend/src/services/productService.js","statementMap":{"0":{"start":{"line":6,"column":4},"end":{"line":6,"column":54}},"1":{"start":{"line":11,"column":4},"end":{"line":11,"column":58}},"2":{"start":{"line":16,"column":4},"end":{"line":16,"column":59}},"3":{"start":{"line":21,"column":4},"end":{"line":21,"column":66}},"4":{"start":{"line":25,"column":31},"end":{"line":25,"column":51}}},"fnMap":{"0":{"name":"(anonymous_0)","decl":{"start":{"line":5,"column":2},"end":{"line":5,"column":3}},"loc":{"start":{"line":5,"column":34},"end":{"line":7,"column":3}},"line":5},"1":{"name":"(anonymous_1)","decl":{"start":{"line":10,"column":2},"end":{"line":10,"column":3}},"loc":{"start":{"line":10,"column":30},"end":{"line":12,"column":3}},"line":10},"2":{"name":"(anonymous_2)","decl":{"start":{"line":15,"column":2},"end":{"line":15,"column":3}},"loc":{"start":{"line":15,"column":40},"end":{"line":17,"column":3}},"line":15},"3":{"name":"(anonymous_3)","decl":{"start":{"line":20,"column":2},"end":{"line":20,"column":3}},"loc":{"start":{"line":20,"column":30},"end":{"line":22,"column":3}},"line":20}},"branchMap":{"0":{"loc":{"start":{"line":5,"column":20},"end":{"line":5,"column":32}},"type":"default-arg","locations":[{"start":{"line":5,"column":30},"end":{"line":5,"column":32}}],"line":5}},"s":{"0":0,"1":0,"2":0,"3":0,"4":0},"f":{"0":0,"1":0,"2":0,"3":0},"b":{"0":[0]}}
,"/Users/claudiu/Desktop/pe foc de lemne/frontend/src/services/smsService.js": {"path":"/Users/claudiu/Desktop/pe foc de lemne/frontend/src/services/smsService.js","statementMap":{"0":{"start":{"line":6,"column":4},"end":{"line":8,"column":7}},"1":{"start":{"line":13,"column":4},"end":{"line":16,"column":7}},"2":{"start":{"line":21,"column":4},"end":{"line":23,"column":7}},"3":{"start":{"line":27,"column":27},"end":{"line":27,"column":43}}},"fnMap":{"0":{"name":"(anonymous_0)","decl":{"start":{"line":5,"column":2},"end":{"line":5,"column":3}},"loc":{"start":{"line":5,"column":42},"end":{"line":9,"column":3}},"line":5},"1":{"name":"(anonymous_1)","decl":{"start":{"line":12,"column":2},"end":{"line":12,"column":3}},"loc":{"start":{"line":12,"column":38},"end":{"line":17,"column":3}},"line":12},"2":{"name":"(anonymous_2)","decl":{"start":{"line":20,"column":2},"end":{"line":20,"column":3}},"loc":{"start":{"line":20,"column":43},"end":{"line":24,"column":3}},"line":20}},"branchMap":{},"s":{"0":0,"1":0,"2":0,"3":0},"f":{"0":0,"1":0,"2":0},"b":{}}
}
