TN:
SF:src/App.jsx
FN:13,App
FNF:1
FNH:0
FNDA:0,App
DA:14,0
LF:1
LH:0
BRF:0
BRH:0
end_of_record
TN:
SF:src/index.js
FNF:0
FNH:0
DA:6,0
DA:9,0
LF:2
LH:0
BRF:0
BRH:0
end_of_record
TN:
SF:src/components/ApiTest.jsx
FN:5,ApiTest
FN:10,(anonymous_1)
FN:21,(anonymous_2)
FNF:3
FNH:0
FNDA:0,ApiTest
FNDA:0,(anonymous_1)
FNDA:0,(anonymous_2)
DA:6,0
DA:7,0
DA:8,0
DA:10,0
DA:11,0
DA:12,0
DA:13,0
DA:14,0
DA:16,0
DA:18,0
DA:21,0
DA:22,0
DA:23,0
DA:24,0
DA:25,0
DA:27,0
DA:29,0
DA:32,0
LF:18
LH:0
BRDA:43,0,0,0
BRDA:43,0,1,0
BRDA:51,1,0,0
BRDA:51,1,1,0
BRDA:55,2,0,0
BRDA:55,2,1,0
BRDA:56,3,0,0
BRDA:56,3,1,0
BRDA:62,4,0,0
BRDA:62,4,1,0
BRDA:63,5,0,0
BRDA:63,5,1,0
BRF:12
BRH:0
end_of_record
TN:
SF:src/components/common/Header.jsx
FN:5,Header
FN:11,(anonymous_1)
FN:16,(anonymous_2)
FN:21,(anonymous_3)
FNF:4
FNH:4
FNDA:54,Header
FNDA:5,(anonymous_1)
FNDA:25,(anonymous_2)
FNDA:648,(anonymous_3)
DA:6,54
DA:7,54
DA:8,54
DA:11,54
DA:12,5
DA:16,54
DA:17,25
DA:21,54
DA:22,648
DA:25,54
LF:10
LH:10
BRDA:42,0,0,54
BRDA:42,0,1,0
BRDA:43,1,0,54
BRDA:43,1,1,0
BRDA:49,2,0,0
BRDA:49,2,1,54
BRDA:50,3,0,0
BRDA:50,3,1,54
BRDA:56,4,0,0
BRDA:56,4,1,54
BRDA:57,5,0,0
BRDA:57,5,1,54
BRDA:73,6,0,54
BRDA:73,6,1,0
BRDA:75,7,0,0
BRDA:75,7,1,0
BRDA:92,8,0,4
BRDA:92,8,1,50
BRDA:109,9,0,4
BRDA:109,9,1,50
BRDA:117,10,0,54
BRDA:117,10,1,0
BRDA:118,11,0,54
BRDA:118,11,1,0
BRDA:124,12,0,0
BRDA:124,12,1,54
BRDA:125,13,0,0
BRDA:125,13,1,54
BRDA:131,14,0,0
BRDA:131,14,1,54
BRDA:132,15,0,0
BRDA:132,15,1,54
BRDA:138,16,0,54
BRDA:138,16,1,0
BRDA:140,17,0,0
BRDA:140,17,1,0
BRF:36
BRH:18
end_of_record
TN:
SF:src/contexts/CartContext.js
FN:6,(anonymous_0)
FN:14,(anonymous_1)
FNF:2
FNH:2
FNDA:54,(anonymous_0)
FNDA:73,(anonymous_1)
DA:4,1
DA:6,1
DA:7,54
DA:8,54
DA:9,0
DA:11,54
DA:14,1
DA:15,73
DA:17,73
LF:9
LH:8
BRDA:8,0,0,0
BRDA:8,0,1,54
BRF:2
BRH:1
end_of_record
TN:
SF:src/hooks/useApi.js
FN:3,(anonymous_0)
FN:8,(anonymous_1)
FN:11,(anonymous_2)
FN:38,(anonymous_3)
FN:46,(anonymous_4)
FN:50,(anonymous_5)
FNF:6
FNH:0
FNDA:0,(anonymous_0)
FNDA:0,(anonymous_1)
FNDA:0,(anonymous_2)
FNDA:0,(anonymous_3)
FNDA:0,(anonymous_4)
FNDA:0,(anonymous_5)
DA:3,0
DA:4,0
DA:5,0
DA:6,0
DA:8,0
DA:9,0
DA:11,0
DA:12,0
DA:13,0
DA:14,0
DA:16,0
DA:18,0
DA:19,0
DA:20,0
DA:22,0
DA:26,0
DA:27,0
DA:30,0
DA:31,0
DA:36,0
DA:38,0
DA:39,0
DA:43,0
DA:46,0
DA:47,0
DA:48,0
DA:50,0
DA:51,0
DA:52,0
DA:53,0
DA:55,0
DA:57,0
DA:58,0
DA:60,0
DA:61,0
DA:64,0
DA:65,0
DA:67,0
DA:71,0
LF:39
LH:0
BRDA:3,0,0,0
BRDA:18,1,0,0
BRDA:18,1,1,0
BRDA:19,2,0,0
BRDA:19,2,1,0
BRDA:22,3,0,0
BRDA:22,3,1,0
BRDA:26,4,0,0
BRDA:26,4,1,0
BRDA:27,5,0,0
BRDA:27,5,1,0
BRDA:30,6,0,0
BRDA:30,6,1,0
BRDA:57,7,0,0
BRDA:57,7,1,0
BRDA:60,8,0,0
BRDA:60,8,1,0
BRDA:61,9,0,0
BRDA:61,9,1,0
BRDA:64,10,0,0
BRDA:64,10,1,0
BRF:21
BRH:0
end_of_record
TN:
SF:src/hooks/useCart.js
FN:3,(anonymous_0)
FN:9,(anonymous_1)
FN:23,(anonymous_2)
FN:24,(anonymous_3)
FN:25,(anonymous_4)
FN:34,(anonymous_5)
FN:35,(anonymous_6)
FN:36,(anonymous_7)
FN:39,(anonymous_8)
FN:50,(anonymous_9)
FN:51,(anonymous_10)
FN:51,(anonymous_11)
FN:54,(anonymous_12)
FN:60,(anonymous_13)
FN:61,(anonymous_14)
FN:69,(anonymous_15)
FNF:16
FNH:3
FNDA:73,(anonymous_0)
FNDA:25,(anonymous_1)
FNDA:49,(anonymous_2)
FNDA:0,(anonymous_3)
FNDA:0,(anonymous_4)
FNDA:0,(anonymous_5)
FNDA:0,(anonymous_6)
FNDA:0,(anonymous_7)
FNDA:0,(anonymous_8)
FNDA:0,(anonymous_9)
FNDA:0,(anonymous_10)
FNDA:0,(anonymous_11)
FNDA:0,(anonymous_12)
FNDA:0,(anonymous_13)
FNDA:0,(anonymous_14)
FNDA:0,(anonymous_15)
DA:3,1
DA:4,73
DA:5,73
DA:6,73
DA:9,73
DA:10,25
DA:11,25
DA:12,24
DA:13,24
DA:14,24
DA:16,0
DA:17,0
DA:23,73
DA:24,49
DA:25,49
DA:27,49
DA:28,49
DA:31,49
DA:34,73
DA:35,0
DA:36,0
DA:38,0
DA:39,0
DA:40,0
DA:45,0
DA:50,73
DA:51,0
DA:54,73
DA:55,0
DA:56,0
DA:57,0
DA:60,0
DA:61,0
DA:62,0
DA:69,73
DA:70,0
DA:73,73
LF:37
LH:21
BRDA:11,0,0,24
BRDA:11,0,1,1
BRDA:34,1,0,0
BRDA:38,2,0,0
BRDA:38,2,1,0
BRDA:40,3,0,0
BRDA:40,3,1,0
BRDA:55,4,0,0
BRDA:55,4,1,0
BRDA:62,5,0,0
BRDA:62,5,1,0
BRF:11
BRH:2
end_of_record
TN:
SF:src/pages/Cart.jsx
FN:4,Cart
FNF:1
FNH:0
FNDA:0,Cart
DA:5,0
LF:1
LH:0
BRF:0
BRH:0
end_of_record
TN:
SF:src/pages/Checkout.jsx
FN:3,Checkout
FNF:1
FNH:0
FNDA:0,Checkout
DA:4,0
LF:1
LH:0
BRF:0
BRH:0
end_of_record
TN:
SF:src/pages/Home.jsx
FN:6,Home
FN:9,(anonymous_1)
FNF:2
FNH:0
FNDA:0,Home
FNDA:0,(anonymous_1)
DA:7,0
DA:9,0
DA:10,0
DA:15,0
DA:18,0
LF:5
LH:0
BRF:0
BRH:0
end_of_record
TN:
SF:src/pages/NotFound.jsx
FN:4,NotFound
FNF:1
FNH:0
FNDA:0,NotFound
DA:5,0
LF:1
LH:0
BRF:0
BRH:0
end_of_record
TN:
SF:src/pages/OrderConfirmation.jsx
FN:4,OrderConfirmation
FNF:1
FNH:0
FNDA:0,OrderConfirmation
DA:5,0
DA:7,0
LF:2
LH:0
BRDA:15,0,0,0
BRDA:15,0,1,0
BRF:2
BRH:0
end_of_record
TN:
SF:src/pages/Products.jsx
FN:3,Products
FNF:1
FNH:0
FNDA:0,Products
DA:4,0
LF:1
LH:0
BRF:0
BRH:0
end_of_record
TN:
SF:src/services/api.js
FN:19,(anonymous_0)
FN:41,(anonymous_1)
FN:49,(anonymous_2)
FN:58,(anonymous_3)
FNF:4
FNH:0
FNDA:0,(anonymous_0)
FNDA:0,(anonymous_1)
FNDA:0,(anonymous_2)
FNDA:0,(anonymous_3)
DA:4,0
DA:5,0
DA:8,0
DA:18,0
DA:21,0
DA:32,0
DA:39,0
DA:42,0
DA:43,0
DA:48,0
DA:50,0
DA:56,0
DA:59,0
DA:67,0
DA:69,0
DA:70,0
DA:72,0
DA:73,0
DA:75,0
DA:76,0
DA:78,0
DA:79,0
DA:81,0
DA:82,0
DA:84,0
DA:87,0
LF:26
LH:0
BRDA:4,0,0,0
BRDA:4,0,1,0
BRDA:67,1,0,0
BRDA:67,1,1,0
BRDA:70,2,0,0
BRDA:70,2,1,0
BRDA:73,3,0,0
BRDA:73,3,1,0
BRDA:76,4,0,0
BRDA:76,4,1,0
BRDA:79,5,0,0
BRDA:79,5,1,0
BRDA:82,6,0,0
BRDA:82,6,1,0
BRF:14
BRH:0
end_of_record
TN:
SF:src/services/apiService.js
FN:5,(anonymous_0)
FN:23,(anonymous_1)
FN:41,(anonymous_2)
FN:59,(anonymous_3)
FN:77,(anonymous_4)
FNF:5
FNH:0
FNDA:0,(anonymous_0)
FNDA:0,(anonymous_1)
FNDA:0,(anonymous_2)
FNDA:0,(anonymous_3)
FNDA:0,(anonymous_4)
DA:6,0
DA:7,0
DA:8,0
DA:14,0
DA:24,0
DA:25,0
DA:26,0
DA:32,0
DA:42,0
DA:43,0
DA:44,0
DA:50,0
DA:60,0
DA:61,0
DA:62,0
DA:68,0
DA:78,0
DA:79,0
DA:80,0
DA:86,0
DA:95,0
LF:21
LH:0
BRDA:23,0,0,0
BRDA:34,1,0,0
BRDA:34,1,1,0
BRDA:41,2,0,0
BRDA:52,3,0,0
BRDA:52,3,1,0
BRDA:59,4,0,0
BRDA:70,5,0,0
BRDA:70,5,1,0
BRDA:88,6,0,0
BRDA:88,6,1,0
BRF:11
BRH:0
end_of_record
TN:
SF:src/services/orderService.js
FN:5,(anonymous_0)
FN:10,(anonymous_1)
FN:15,(anonymous_2)
FN:20,(anonymous_3)
FNF:4
FNH:0
FNDA:0,(anonymous_0)
FNDA:0,(anonymous_1)
FNDA:0,(anonymous_2)
FNDA:0,(anonymous_3)
DA:6,0
DA:11,0
DA:16,0
DA:21,0
DA:25,0
LF:5
LH:0
BRF:0
BRH:0
end_of_record
TN:
SF:src/services/productService.js
FN:5,(anonymous_0)
FN:10,(anonymous_1)
FN:15,(anonymous_2)
FN:20,(anonymous_3)
FNF:4
FNH:0
FNDA:0,(anonymous_0)
FNDA:0,(anonymous_1)
FNDA:0,(anonymous_2)
FNDA:0,(anonymous_3)
DA:6,0
DA:11,0
DA:16,0
DA:21,0
DA:25,0
LF:5
LH:0
BRDA:5,0,0,0
BRF:1
BRH:0
end_of_record
TN:
SF:src/services/smsService.js
FN:5,(anonymous_0)
FN:12,(anonymous_1)
FN:20,(anonymous_2)
FNF:3
FNH:0
FNDA:0,(anonymous_0)
FNDA:0,(anonymous_1)
FNDA:0,(anonymous_2)
DA:6,0
DA:13,0
DA:21,0
DA:27,0
LF:4
LH:0
BRF:0
BRH:0
end_of_record
